[OK] .env gefunden und geladen: /home/y/Dokumente/vsCode/DGUV3/Software/PRG/.env

DGUV3 Podman Validation
-----------------------
[INFO] Projektordner: /home/y/Dokumente/vsCode/DGUV3/Software/PRG
[INFO] Erwartetes MySQL-Volume: vol_tss_bierwagen
[INFO] Erwartete Datenbank: db_tss_bierwagen
[INFO] Erwarteter DB-Benutzer: admin
[INFO] Erwarteter Flask-Port: 5000

1. Basiswerkzeuge
-----------------
[OK] podman ist installiert: podman version 5.8.2
[OK] podman-compose ist installiert.
[OK] curl ist installiert.

2. Compose- und .env-Konfiguration
----------------------------------
[OK] Compose-Datei gefunden: podman-compose.yml
[OK] podman-compose config konnte gelesen werden.
[OK] Compose-Konfiguration zeigt auf Volume: vol_tss_bierwagen
[OK] MySQL-Datenverzeichnis ist korrekt auf mysql_data:/var/lib/mysql gemappt.

3. Volume-Prüfung
-----------------
[OK] Erwartetes Volume existiert: vol_tss_bierwagen
[INFO] Aktuelle Podman-Volumes mit tss/prg/vol im Namen:
local       prg_mysql_data
local       vol_tss_bierwagen

4. Containerstatus
------------------
[OK] MySQL-Container existiert: benning-mysql Status=running
[OK] Flask-Container existiert: benning-flask Status=running
[INFO] Aktuelle Containerübersicht:
NAMES          STATUS        PORTS
benning-mysql  Up 6 minutes  0.0.0.0:3307->3306/tcp, 33060/tcp
benning-flask  Up 1 second   0.0.0.0:5000->5000/tcp

5. MySQL-Volume-Mount
---------------------
vol_tss_bierwagen -> /var/lib/mysql
 -> /docker-entrypoint-initdb.d
[OK] MySQL verwendet korrekt das Volume vol_tss_bierwagen für /var/lib/mysql.

6. Port-Prüfung
---------------
[OK] Auf Host-Port 5000 lauscht ein Dienst.
[OK] Auf Host-Port 3307 lauscht ein Dienst für MySQL.

7. MySQL-Verbindung und Datenbank
---------------------------------
[OK] Root-Login in MySQL funktioniert mit DB_ROOT_PASSWORD aus .env.
[OK] Datenbank existiert: db_tss_bierwagen
[OK] Datenbankbenutzer existiert: admin
[OK] Login mit DB_USER/DB_PASSWORD auf db_tss_bierwagen funktioniert.

8. Flask-Container und Anwendungsprozess
----------------------------------------
[OK] Flask-Container läuft.
[WARN] Im Flask-Container wurde kein eindeutiger Python/Gunicorn/Flask-Prozess gefunden.
[INFO] Letzte Flask-Logs:
    mod = importlib.import_module(module)
          ^^^^^^^^^^^^^^^^^^^^^^^^^^^^^^^
  File "/usr/local/lib/python3.11/importlib/__init__.py", line 126, in import_module
    return _bootstrap._gcd_import(name[level:], package, level)
           ^^^^^^^^^^^^^^^^^^^^^^^^^^^^^^^^^^^^^^^^^^^^^^^^^^^^
  File "<frozen importlib._bootstrap>", line 1204, in _gcd_import
  File "<frozen importlib._bootstrap>", line 1176, in _find_and_load
  File "<frozen importlib._bootstrap>", line 1147, in _find_and_load_unlocked
  File "<frozen importlib._bootstrap>", line 690, in _load_unlocked
  File "<frozen importlib._bootstrap_external>", line 940, in exec_module
  File "<frozen importlib._bootstrap>", line 241, in _call_with_frames_removed
  File "/app/src/main.py", line 12, in <module>
    from src.config.settings import get_config
ModuleNotFoundError: No module named 'src.config.settings'
[2026-06-09 18:51:03 +0000] [11] [INFO] Worker exiting (pid: 11)
[2026-06-09 18:51:03 +0000] [1] [ERROR] Worker (pid:10) exited with code 3
Traceback (most recent call last):
  File "/usr/local/lib/python3.11/site-packages/gunicorn/arbiter.py", line 202, in run
    self.manage_workers()
  File "/usr/local/lib/python3.11/site-packages/gunicorn/arbiter.py", line 571, in manage_workers
    self.spawn_workers()
  File "/usr/local/lib/python3.11/site-packages/gunicorn/arbiter.py", line 643, in spawn_workers
    time.sleep(0.1 * random.random())
  File "/usr/local/lib/python3.11/site-packages/gunicorn/arbiter.py", line 242, in handle_chld
    self.reap_workers()
  File "/usr/local/lib/python3.11/site-packages/gunicorn/arbiter.py", line 530, in reap_workers
    raise HaltServer(reason, self.WORKER_BOOT_ERROR)
gunicorn.errors.HaltServer: <HaltServer 'Worker failed to boot.' 3>

During handling of the above exception, another exception occurred:

Traceback (most recent call last):
  File "<frozen runpy>", line 198, in _run_module_as_main
  File "<frozen runpy>", line 88, in _run_code
  File "/usr/local/lib/python3.11/site-packages/gunicorn/__main__.py", line 7, in <module>
    run()
  File "/usr/local/lib/python3.11/site-packages/gunicorn/app/wsgiapp.py", line 67, in run
    WSGIApplication("%(prog)s [OPTIONS] [APP_MODULE]").run()
  File "/usr/local/lib/python3.11/site-packages/gunicorn/app/base.py", line 236, in run
    super().run()

9. HTTP-Test
------------
[FEHLER] HTTP-Test fehlgeschlagen: http://127.0.0.1:5000 ist nicht erreichbar.
[INFO] curl-Fehler: curl: (56) Recv failure: Die Verbindung wurde vom Kommunikationspartner zurückgesetzt

10. Zusammenfassung
-------------------
OK: 19 | WARN: 1 | FEHLER: 1
[WARN] Es wurden Fehler gefunden. Häufige Korrektur bei Volume-/Port-/Containerproblemen:

cd "/home/y/Dokumente/vsCode/DGUV3/Software/PRG"
podman-compose down
podman rm -f "benning-mysql" "benning-flask" 2>/dev/null || true
podman-compose up -d --build
podman ps -a
podman logs "benning-mysql" --tail=100
podman logs "benning-flask" --tail=100

[WARN] Wenn das Volume vol_tss_bierwagen frisch initialisiert werden soll und dort keine wichtigen Daten liegen:
podman-compose down
podman volume rm "vol_tss_bierwagen"
podman-compose up -d --build
[OK] .env gefunden und geladen: /home/y/Dokumente/vsCode/DGUV3/Software/PRG/.env

DGUV3 Podman Validation
-----------------------
[INFO] Projektordner: /home/y/Dokumente/vsCode/DGUV3/Software/PRG
[INFO] Erwartetes MySQL-Volume: vol_tss_bierwagen
[INFO] Erwartete Datenbank: db_tss_bierwagen
[INFO] Erwarteter DB-Benutzer: admin
[INFO] Erwarteter Flask-Port: 5000

1. Basiswerkzeuge
-----------------
[OK] podman ist installiert: podman version 5.8.2
[OK] podman-compose ist installiert.
[OK] curl ist installiert.

2. Compose- und .env-Konfiguration
----------------------------------
[OK] Compose-Datei gefunden: podman-compose.yml
[OK] podman-compose config konnte gelesen werden.
[OK] Compose-Konfiguration zeigt auf Volume: vol_tss_bierwagen
[OK] MySQL-Datenverzeichnis ist korrekt auf mysql_data:/var/lib/mysql gemappt.

3. Volume-Prüfung
-----------------
[OK] Erwartetes Volume existiert: vol_tss_bierwagen
[INFO] Aktuelle Podman-Volumes mit tss/prg/vol im Namen:
local       prg_mysql_data
local       vol_tss_bierwagen

4. Containerstatus
------------------
[OK] MySQL-Container existiert: benning-mysql Status=running
[OK] Flask-Container existiert: benning-flask Status=running
[INFO] Aktuelle Containerübersicht:
NAMES          STATUS                 PORTS
benning-mysql  Up 15 minutes          0.0.0.0:3307->3306/tcp, 33060/tcp
benning-flask  Up Less than a second  0.0.0.0:5000->5000/tcp

5. MySQL-Volume-Mount
---------------------
vol_tss_bierwagen -> /var/lib/mysql
 -> /docker-entrypoint-initdb.d
[OK] MySQL verwendet korrekt das Volume vol_tss_bierwagen für /var/lib/mysql.

6. Port-Prüfung
---------------
[OK] Auf Host-Port 5000 lauscht ein Dienst.
[OK] Auf Host-Port 3307 lauscht ein Dienst für MySQL.

7. MySQL-Verbindung und Datenbank
---------------------------------
[OK] Root-Login in MySQL funktioniert mit DB_ROOT_PASSWORD aus .env.
[OK] Datenbank existiert: db_tss_bierwagen
[OK] Datenbankbenutzer existiert: admin
[OK] Login mit DB_USER/DB_PASSWORD auf db_tss_bierwagen funktioniert.

8. Flask-Container und Anwendungsprozess
----------------------------------------
[OK] Flask-Container läuft.
[WARN] Im Flask-Container wurde kein eindeutiger Python/Gunicorn/Flask-Prozess gefunden.
[INFO] Letzte Flask-Logs:
[2026-06-09 18:59:11 +0000] [3] [INFO] Booting worker with pid: 3
[2026-06-09 18:59:11 +0000] [4] [INFO] Booting worker with pid: 4
[2026-06-09 18:59:11 +0000] [5] [INFO] Booting worker with pid: 5
[2026-06-09 18:59:11 +0000] [2] [ERROR] Exception in worker process
Traceback (most recent call last):
  File "/usr/local/lib/python3.11/site-packages/gunicorn/arbiter.py", line 609, in spawn_worker
    worker.init_process()
  File "/usr/local/lib/python3.11/site-packages/gunicorn/workers/base.py", line 134, in init_process
    self.load_wsgi()
  File "/usr/local/lib/python3.11/site-packages/gunicorn/workers/base.py", line 146, in load_wsgi
    self.wsgi = self.app.wsgi()
                ^^^^^^^^^^^^^^^
  File "/usr/local/lib/python3.11/site-packages/gunicorn/app/base.py", line 67, in wsgi
    self.callable = self.load()
                    ^^^^^^^^^^^
  File "/usr/local/lib/python3.11/site-packages/gunicorn/app/wsgiapp.py", line 58, in load
    return self.load_wsgiapp()
           ^^^^^^^^^^^^^^^^^^^
  File "/usr/local/lib/python3.11/site-packages/gunicorn/app/wsgiapp.py", line 48, in load_wsgiapp
    return util.import_app(self.app_uri)
           ^^^^^^^^^^^^^^^^^^^^^^^^^^^^^
  File "/usr/local/lib/python3.11/site-packages/gunicorn/util.py", line 371, in import_app
    mod = importlib.import_module(module)
          ^^^^^^^^^^^^^^^^^^^^^^^^^^^^^^^
  File "/usr/local/lib/python3.11/importlib/__init__.py", line 126, in import_module
    return _bootstrap._gcd_import(name[level:], package, level)
           ^^^^^^^^^^^^^^^^^^^^^^^^^^^^^^^^^^^^^^^^^^^^^^^^^^^^
  File "<frozen importlib._bootstrap>", line 1204, in _gcd_import
  File "<frozen importlib._bootstrap>", line 1176, in _find_and_load
  File "<frozen importlib._bootstrap>", line 1147, in _find_and_load_unlocked
  File "<frozen importlib._bootstrap>", line 690, in _load_unlocked
  File "<frozen importlib._bootstrap_external>", line 940, in exec_module
  File "<frozen importlib._bootstrap>", line 241, in _call_with_frames_removed
  File "/app/src/main.py", line 13, in <module>
    from src.config.dependencies import container
  File "/app/src/config/dependencies.py", line 4, in <module>
    from src.adapters.persistence.mysql_device_repository import MySQLDeviceRepository
ModuleNotFoundError: No module named 'src.adapters'
[2026-06-09 18:59:11 +0000] [2] [INFO] Worker exiting (pid: 2)
[2026-06-09 18:59:11 +0000] [1] [ERROR] Worker (pid:2) exited with code 3

9. HTTP-Test
------------
[FEHLER] HTTP-Test fehlgeschlagen: http://127.0.0.1:5000 ist nicht erreichbar.
[INFO] curl-Fehler: curl: (52) Empty reply from server

10. Zusammenfassung
-------------------
OK: 19 | WARN: 1 | FEHLER: 1
[WARN] Es wurden Fehler gefunden. Häufige Korrektur bei Volume-/Port-/Containerproblemen:

cd "/home/y/Dokumente/vsCode/DGUV3/Software/PRG"
podman-compose down
podman rm -f "benning-mysql" "benning-flask" 2>/dev/null || true
podman-compose up -d --build
podman ps -a
podman logs "benning-mysql" --tail=100
podman logs "benning-flask" --tail=100

[WARN] Wenn das Volume vol_tss_bierwagen frisch initialisiert werden soll und dort keine wichtigen Daten liegen:
podman-compose down
podman volume rm "vol_tss_bierwagen"
podman-compose up -d --build
[OK] .env gefunden und geladen: /home/y/Dokumente/vsCode/DGUV3/Software/PRG/.env

DGUV3 Podman Validation
-----------------------
[INFO] Projektordner: /home/y/Dokumente/vsCode/DGUV3/Software/PRG
[INFO] Erwartetes MySQL-Volume: prg_mysql_data
[INFO] Erwartete Datenbank: db_tss_bierwagen
[INFO] Erwarteter DB-Benutzer: TSS
[INFO] Erwarteter Flask-Port: 5000

1. Basiswerkzeuge
-----------------
[OK] podman ist installiert: podman version 5.8.2
[OK] podman-compose ist installiert.
[OK] curl ist installiert.

2. Compose- und .env-Konfiguration
----------------------------------
[OK] Compose-Datei gefunden: podman-compose.yml
[OK] podman-compose config konnte gelesen werden.
[WARN] Compose-Konfiguration enthält nicht sichtbar 'name: prg_mysql_data'. Bitte prüfen: podman-compose config | grep -A5 -B5 mysql_data
[OK] MySQL-Datenverzeichnis ist korrekt auf mysql_data:/var/lib/mysql gemappt.

3. Volume-Prüfung
-----------------
[OK] Erwartetes Volume existiert: prg_mysql_data
[INFO] Aktuelle Podman-Volumes mit tss/prg/vol im Namen:
local       prg_mysql_data
local       vol_tss_bierwagen

4. Containerstatus
------------------
[OK] MySQL-Container existiert: benning-mysql Status=running
[OK] Flask-Container existiert: benning-flask Status=created
[INFO] Aktuelle Containerübersicht:
NAMES          STATUS                        PORTS
benning-mysql  Up About a minute (starting)  0.0.0.0:3307->3306/tcp, 33060/tcp
benning-flask  Created                       0.0.0.0:5000->5000/tcp

5. MySQL-Volume-Mount
---------------------
prg_mysql_data -> /var/lib/mysql
 -> /docker-entrypoint-initdb.d
[OK] MySQL verwendet korrekt das Volume prg_mysql_data für /var/lib/mysql.

6. Port-Prüfung
---------------
[FEHLER] Auf Host-Port 5000 lauscht aktuell kein Dienst.
[OK] Auf Host-Port 3307 lauscht ein Dienst für MySQL.

7. MySQL-Verbindung und Datenbank
---------------------------------
[WARN] DB_ROOT_PASSWORD ist in .env nicht gesetzt. Root-Login-Test wird übersprungen.
[FEHLER] Login mit DB_USER/DB_PASSWORD auf db_tss_bierwagen funktioniert NICHT.

8. Flask-Container und Anwendungsprozess
----------------------------------------
[FEHLER] Flask-Container läuft nicht.
[WARN] Im Flask-Container wurde kein eindeutiger Python/Gunicorn/Flask-Prozess gefunden.
[INFO] Letzte Flask-Logs:

9. HTTP-Test
------------
[FEHLER] HTTP-Test fehlgeschlagen: http://127.0.0.1:5000 ist nicht erreichbar.
[INFO] curl-Fehler: curl: (7) Failed to connect to 127.0.0.1 port 5000 after 0 ms: Could not connect to server

10. Zusammenfassung
-------------------
OK: 12 | WARN: 3 | FEHLER: 4
[WARN] Es wurden Fehler gefunden. Häufige Korrektur bei Volume-/Port-/Containerproblemen:

cd "/home/y/Dokumente/vsCode/DGUV3/Software/PRG"
podman-compose down
podman rm -f "benning-mysql" "benning-flask" 2>/dev/null || true
podman-compose up -d --build
podman ps -a
podman logs "benning-mysql" --tail=100
podman logs "benning-flask" --tail=100

[WARN] Wenn das Volume prg_mysql_data frisch initialisiert werden soll und dort keine wichtigen Daten liegen:
podman-compose down
podman volume rm "prg_mysql_data"
podman-compose up -d --build
[OK] .env gefunden und geladen: /home/y/Dokumente/vsCode/DGUV3/Software/PRG/.env

DGUV3 Podman Validation
-----------------------
[INFO] Projektordner: /home/y/Dokumente/vsCode/DGUV3/Software/PRG
[INFO] Erwartetes MySQL-Volume: vol_tss_bierwagen
[INFO] Erwartete Datenbank: db_tss_bierwagen
[INFO] Erwarteter DB-Benutzer: admin
[INFO] Erwarteter Flask-Port: 5000

1. Basiswerkzeuge
-----------------
[OK] podman ist installiert: podman version 5.8.2
[OK] podman-compose ist installiert.
[OK] curl ist installiert.

2. Compose- und .env-Konfiguration
----------------------------------
[OK] Compose-Datei gefunden: podman-compose.yml
[OK] podman-compose config konnte gelesen werden.
[OK] Compose-Konfiguration zeigt auf Volume: vol_tss_bierwagen
[OK] MySQL-Datenverzeichnis ist korrekt auf mysql_data:/var/lib/mysql gemappt.

3. Volume-Prüfung
-----------------
[OK] Erwartetes Volume existiert: vol_tss_bierwagen
[INFO] Aktuelle Podman-Volumes mit tss/prg/vol im Namen:
local       prg_mysql_data
local       vol_tss_bierwagen

4. Containerstatus
------------------
[OK] MySQL-Container existiert: benning-mysql Status=running
[OK] Flask-Container existiert: benning-flask Status=created
[INFO] Aktuelle Containerübersicht:
NAMES          STATUS                        PORTS
benning-mysql  Up About a minute (starting)  0.0.0.0:3306->3306/tcp, 33060/tcp
benning-flask  Created                       0.0.0.0:5000->5000/tcp

5. MySQL-Volume-Mount
---------------------
vol_tss_bierwagen -> /var/lib/mysql
 -> /docker-entrypoint-initdb.d
[OK] MySQL verwendet korrekt das Volume vol_tss_bierwagen für /var/lib/mysql.

6. Port-Prüfung
---------------
[FEHLER] Auf Host-Port 5000 lauscht aktuell kein Dienst.
[WARN] Auf Host-Port 3307 lauscht aktuell kein Dienst.

7. MySQL-Verbindung und Datenbank
---------------------------------
[OK] Root-Login in MySQL funktioniert mit DB_ROOT_PASSWORD aus .env.
[OK] Datenbank existiert: db_tss_bierwagen
[OK] Datenbankbenutzer existiert: admin
[OK] Login mit DB_USER/DB_PASSWORD auf db_tss_bierwagen funktioniert.

8. Flask-Container und Anwendungsprozess
----------------------------------------
[FEHLER] Flask-Container läuft nicht.
[WARN] Im Flask-Container wurde kein eindeutiger Python/Gunicorn/Flask-Prozess gefunden.
[INFO] Letzte Flask-Logs:

9. HTTP-Test
------------
[FEHLER] HTTP-Test fehlgeschlagen: http://127.0.0.1:5000 ist nicht erreichbar.
[INFO] curl-Fehler: curl: (7) Failed to connect to 127.0.0.1 port 5000 after 0 ms: Could not connect to server

10. Zusammenfassung
-------------------
OK: 16 | WARN: 2 | FEHLER: 3
[WARN] Es wurden Fehler gefunden. Häufige Korrektur bei Volume-/Port-/Containerproblemen:

cd "/home/y/Dokumente/vsCode/DGUV3/Software/PRG"
podman-compose down
podman rm -f "benning-mysql" "benning-flask" 2>/dev/null || true
podman-compose up -d --build
podman ps -a
podman logs "benning-mysql" --tail=100
podman logs "benning-flask" --tail=100

[WARN] Wenn das Volume vol_tss_bierwagen frisch initialisiert werden soll und dort keine wichtigen Daten liegen:
podman-compose down
podman volume rm "vol_tss_bierwagen"
podman-compose up -d --build
[OK] .env gefunden und geladen: /home/y/Dokumente/vsCode/DGUV3/Software/PRG/.env

DGUV3 Podman Validation
-----------------------
[INFO] Projektordner: /home/y/Dokumente/vsCode/DGUV3/Software/PRG
[INFO] Erwartetes MySQL-Volume: vol_tss_bierwagen
[INFO] Erwartete Datenbank: db_tss_bierwagen
[INFO] Erwarteter DB-Benutzer: admin
[INFO] Erwarteter Flask-Port: 5000

1. Basiswerkzeuge
-----------------
[OK] podman ist installiert: podman version 5.8.2
[OK] podman-compose ist installiert.
[OK] curl ist installiert.

2. Compose- und .env-Konfiguration
----------------------------------
[OK] Compose-Datei gefunden: podman-compose.yml
[OK] podman-compose config konnte gelesen werden.
[OK] Compose-Konfiguration zeigt auf Volume: vol_tss_bierwagen
[OK] MySQL-Datenverzeichnis ist korrekt auf mysql_data:/var/lib/mysql gemappt.

3. Volume-Prüfung
-----------------
[OK] Erwartetes Volume existiert: vol_tss_bierwagen
[INFO] Aktuelle Podman-Volumes mit tss/prg/vol im Namen:
local       prg_mysql_data
local       vol_tss_bierwagen

4. Containerstatus
------------------
[OK] MySQL-Container existiert: benning-mysql Status=running
[OK] Flask-Container existiert: benning-flask Status=created
[INFO] Aktuelle Containerübersicht:
NAMES          STATUS                        PORTS
benning-mysql  Up About a minute (starting)  0.0.0.0:3307->3306/tcp, 33060/tcp
benning-flask  Created                       0.0.0.0:5000->5000/tcp

5. MySQL-Volume-Mount
---------------------
vol_tss_bierwagen -> /var/lib/mysql
 -> /docker-entrypoint-initdb.d
[OK] MySQL verwendet korrekt das Volume vol_tss_bierwagen für /var/lib/mysql.

6. Port-Prüfung
---------------
[FEHLER] Auf Host-Port 5000 lauscht aktuell kein Dienst.
[OK] Auf Host-Port 3307 lauscht ein Dienst für MySQL.

7. MySQL-Verbindung und Datenbank
---------------------------------
[OK] Root-Login in MySQL funktioniert mit DB_ROOT_PASSWORD aus .env.
[OK] Datenbank existiert: db_tss_bierwagen
[OK] Datenbankbenutzer existiert: admin
[OK] Login mit DB_USER/DB_PASSWORD auf db_tss_bierwagen funktioniert.

8. Flask-Container und Anwendungsprozess
----------------------------------------
[FEHLER] Flask-Container läuft nicht.
[WARN] Im Flask-Container wurde kein eindeutiger Python/Gunicorn/Flask-Prozess gefunden.
[INFO] Letzte Flask-Logs:

9. HTTP-Test
------------
[FEHLER] HTTP-Test fehlgeschlagen: http://127.0.0.1:5000 ist nicht erreichbar.
[INFO] curl-Fehler: curl: (7) Failed to connect to 127.0.0.1 port 5000 after 0 ms: Could not connect to server

10. Zusammenfassung
-------------------
OK: 17 | WARN: 1 | FEHLER: 3
[WARN] Es wurden Fehler gefunden. Häufige Korrektur bei Volume-/Port-/Containerproblemen:

cd "/home/y/Dokumente/vsCode/DGUV3/Software/PRG"
podman-compose down
podman rm -f "benning-mysql" "benning-flask" 2>/dev/null || true
podman-compose up -d --build
podman ps -a
podman logs "benning-mysql" --tail=100
podman logs "benning-flask" --tail=100

[WARN] Wenn das Volume vol_tss_bierwagen frisch initialisiert werden soll und dort keine wichtigen Daten liegen:
podman-compose down
podman volume rm "vol_tss_bierwagen"
podman-compose up -d --build
